<?xml version="1.0" encoding="UTF-8"?>
<testsuite name="com.example.calculator.operations.TestAddOperation" tests="4" skipped="0" failures="0" errors="0" timestamp="2024-10-21T14:23:35" hostname="Bogdans-MacBook-Pro.local" time="0.03">
  <properties/>
  <testcase name="testAddZero()" classname="com.example.calculator.operations.TestAddOperation" time="0.006"/>
  <testcase name="testAddPositiveAndNegativeNumbers()" classname="com.example.calculator.operations.TestAddOperation" time="0.003"/>
  <testcase name="testAddPositiveNumbers()" classname="com.example.calculator.operations.TestAddOperation" time="0.003"/>
  <testcase name="testAddNegativeNumbers()" classname="com.example.calculator.operations.TestAddOperation" time="0.004"/>
  <system-out><![CDATA[]]></system-out>
  <system-err><![CDATA[]]></system-err>
</testsuite>
