<?xml version="1.0" encoding="UTF-8"?>
<testsuite name="com.example.calculator.operations.TestSqrtOperation" tests="4" skipped="0" failures="0" errors="0" timestamp="2024-10-21T14:23:35" hostname="Bogdans-MacBook-Pro.local" time="0.038">
  <properties/>
  <testcase name="testSqrtNegativeNumber()" classname="com.example.calculator.operations.TestSqrtOperation" time="0.009"/>
  <testcase name="testSqrtPositiveDecimal()" classname="com.example.calculator.operations.TestSqrtOperation" time="0.002"/>
  <testcase name="testSqrtPositiveInteger()" classname="com.example.calculator.operations.TestSqrtOperation" time="0.006"/>
  <testcase name="testSqrtPositiveIrrationalResult()" classname="com.example.calculator.operations.TestSqrtOperation" time="0.003"/>
  <system-out><![CDATA[]]></system-out>
  <system-err><![CDATA[]]></system-err>
</testsuite>
