<?xml version="1.0" encoding="UTF-8"?>
<testsuite name="com.example.calculator.operations.TestMinOperation" tests="8" skipped="0" failures="0" errors="0" timestamp="2024-10-21T14:23:35" hostname="Bogdans-MacBook-Pro.local" time="0.06">
  <properties/>
  <testcase name="testMinPositiveNumbers()" classname="com.example.calculator.operations.TestMinOperation" time="0.007"/>
  <testcase name="testMinNegativeNumbers()" classname="com.example.calculator.operations.TestMinOperation" time="0.003"/>
  <testcase name="testMinNumberToMaxValue()" classname="com.example.calculator.operations.TestMinOperation" time="0.002"/>
  <testcase name="testMinPositiveAndNegativeNumbers()" classname="com.example.calculator.operations.TestMinOperation" time="0.004"/>
  <testcase name="testMinNumberToMinusInfinity()" classname="com.example.calculator.operations.TestMinOperation" time="0.006"/>
  <testcase name="testMinZero()" classname="com.example.calculator.operations.TestMinOperation" time="0.003"/>
  <testcase name="testMinNumberToMinValue()" classname="com.example.calculator.operations.TestMinOperation" time="0.003"/>
  <testcase name="testMinNumberToPlusInfinity()" classname="com.example.calculator.operations.TestMinOperation" time="0.005"/>
  <system-out><![CDATA[]]></system-out>
  <system-err><![CDATA[]]></system-err>
</testsuite>
