<?xml version="1.0" encoding="UTF-8"?>
<testsuite name="com.example.calculator.operations.TestMaxOperation" tests="8" skipped="0" failures="0" errors="0" timestamp="2024-10-21T14:23:35" hostname="Bogdans-MacBook-Pro.local" time="0.058">
  <properties/>
  <testcase name="testMaxPositiveAndNegativeNumbers()" classname="com.example.calculator.operations.TestMaxOperation" time="0.008"/>
  <testcase name="testMaxNumberToMaxValue()" classname="com.example.calculator.operations.TestMaxOperation" time="0.004"/>
  <testcase name="testMaxNumberToPlusInfinity()" classname="com.example.calculator.operations.TestMaxOperation" time="0.003"/>
  <testcase name="testMaxPositiveNumbers()" classname="com.example.calculator.operations.TestMaxOperation" time="0.003"/>
  <testcase name="testMaxNumberToMinusInfinity()" classname="com.example.calculator.operations.TestMaxOperation" time="0.004"/>
  <testcase name="testMaxNegativeNumbers()" classname="com.example.calculator.operations.TestMaxOperation" time="0.002"/>
  <testcase name="testMaxZero()" classname="com.example.calculator.operations.TestMaxOperation" time="0.002"/>
  <testcase name="testMaxNumberToMinValue()" classname="com.example.calculator.operations.TestMaxOperation" time="0.001"/>
  <system-out><![CDATA[]]></system-out>
  <system-err><![CDATA[]]></system-err>
</testsuite>
